<testng-results>
  <reporter-output>
  </reporter-output>
  <suite name="Custom suite">
    <groups>
    </groups>
    <test name="xlite">
      <class name="org.xlite.CustomConverterTest">
        <test-method status="PASS" signature="customConverterTest()" name="customConverterTest" duration-ms="62" started-at="2008-05-11T07:10:03Z" finished-at="2008-05-11T07:10:03Z">
          <exception class="org.xlite.XliteException">
            <message><![CDATA[<![CDATA[
              <![CDATA[Error: assigned converter type does not match field type.
Corg.xlite.CustomConverterTesterterTest$LowerCaseConverter can not be used to convert data of type int.
Please check XML annotations on field 'attr2' in class org.xlite.CustomConverterTest$Three.]]>
            ]]>]]></message>
            <full-stacktrace><![CDATA[<![CDATA[<![CDATA[<![CDATA[<![CDATA[<![CDATA[<![CDATA[<![CDATA[<![CDATA[<![CDATA[<![CDATA[<![CDATA[
              <![CDATA[org.xlite.XliteException: Error: assigned converter type does not match field type.
Converter org.xlite.CustomConverterTest$LowerCaseConverter can not be used to convert data of type int.
Please check XML annotations on field 'attr2' org.xlite.CustomConverterTesterterTest$Thorg.xlite.AnnotationProcessorProcessor.processAttributes(Annotatorg.xlite.AnnotationProcessorn.xlite.AnnotationProcessor.processClass(AnnotationProcessor.java:37)
	at org.xlite.MappingContext.lookupNodeConverter(MappingContext.java:70)
	at org.xlite.MappingContext.processNextNode(MappingContext.javaorg.xlite.CustomConverterTesterterTest$CustomNodeConverter.fromNode(CustomConverterTest.java:56)
	at info.documan.xlite.converters.NodeMapper.setFieldValue(NodeMapper.java:63)
	at info.documan.xlite.converters.NodeMapper.setValue(NodeMapper.javaorg.xlite.converters.AnnotatedClassConverterConverter.fromNode(AnnotatedClassConverter.java:128)
	at org.xlite.converters.RootMapper.getRootObject(RootMapper.java:30)
	at org.xlite.Xlite.fromXML(Xlite.java:131)
	at org.xlite.CustomConverterTest.customConverterTest(CustomConverterTest.java:34)
	at sun.reflect.NativeMethodAccessorImpl.invoke0(Native Method)
	at sun.reflect.NativeMethodAccessorImpl.invoke(NativeMethodAccessorImpl.java:39)
	at sun.reflect.DelegatingMethodAccessorImpl.invoke(DelegatingMethodAccessorImpl.java:25)
	at java.lang.reflect.Method.invoke(Method.java:597)
	at org.testng.internal.MethodHelper.invokeMethod(MethodHelper.java:580)
	at org.testng.internal.Invoker.invokeMethod(Invoker.java:473)
	at org.testng.internal.Invoker.invokeTestMethod(Invoker.java:567)
	at org.testng.internal.Invoker.invokeTestMethods(Invoker.java:834)
	at org.testng.internal.TestMethodWorker.invokeTestMethods(TestMethodWorker.java:125)
	at org.testng.internal.TestMethodWorker.run(TestMethodWorker.java:109)
	at org.testng.TestRunner.runWorkers(TestRunner.java:689)
	at org.testng.TestRunner.privateRun(TestRunner.java:566)
	at org.testng.TestRunner.run(TestRunner.java:466)
	at org.testng.SuiteRunner.runTest(SuiteRunner.java:301)
	at org.testng.SuiteRunner.runSequentially(SuiteRunner.java:296)
	at org.testng.SuiteRunner.privateRun(SuiteRunner.java:276)
	at org.testng.SuiteRunner.run(SuiteRunner.java:191)
	at org.testng.TestNG.createAndRunSuiteRunners(TestNG.java:808)
	at org.testng.TestNG.runSuitesLocally(TestNG.java:776)
	at org.testng.TestNG.run(TestNG.java:701)
	at org.testng.remote.RemoteTestNG.run(RemoteTestNG.java:73)
	at org.testng.remote.RemoteTestNG.main(RemoteTestNG.java:124)
	at sun.reflect.NativeMethodAccessorImpl.invoke0(Native Method)
	at sun.reflect.NativeMethodAccessorImpl.invoke(NativeMethodAccessorImpl.java:39)
	at sun.reflect.DelegatingMethodAccessorImpl.invoke(DelegatingMethodAccessorImpl.java:25)
	at java.lang.reflect.Method.invoke(Method.java:597)
	at com.intellij.rt.execution.application.AppMain.main(AppMain.java:90)
]]>
            ]]>]]>]]>]]>]]>]]>]]>]]>]]>]]>]]>]]></full-stacktrace>
          </exception>
        </test-method>
      </class>
    </test>
  </suite>
</testng-results>
