<?xml version="1.0" encoding="UTF-8" ?>
<testsuite failures="0" time="22.387" errors="0" skipped="0" tests="23" name="TestSuite">
  <properties>
[...]
</properties>
  <testcase time="0.148" classname="info.documan.xlite.AnnotationProcessorTest" name="printMapperTree"/>
  <testcase time="0.343" classname="info.documan.xlite.BasicConvertersTest" name="mainTest"/>
  <testcase time="1.743" classname="info.documan.xlite.CollectionConverterTest" name="collectionConverterTest"/>
  <testcase time="0.096" classname="info.documan.xlite.CustomConverterTest" name="customConverterTest"/>
  <testcase time="0.001" classname="info.documan.xlite.SimpleReaderTest" name="emptyElementWithAttributeTest"/>
  <testcase time="0.001" classname="info.documan.xlite.SimpleReaderTest" name="skippingChildNodesTest"/>
  <testcase time="0.001" classname="info.documan.xlite.SimpleReaderTest" name="skippedNodesTest"/>
  <testcase time="0.001" classname="info.documan.xlite.SimpleReaderTest" name="simpleTest2"/>
  <testcase time="0.001" classname="info.documan.xlite.SimpleReaderTest" name="ignoringOtherNodesTest"/>
  <testcase time="0.001" classname="info.documan.xlite.SimpleReaderTest" name="textTest"/>
  <testcase time="0.002" classname="info.documan.xlite.SimpleReaderTest" name="anotherTest"/>
  <testcase time="0.131" classname="info.documan.xlite.SimpleWriterTest" name="testEquality"/>
  <testcase time="0.258" classname="info.documan.xlite.SubTreeStoreTest" name="testStoringNodes"/>
  <testcase time="17.231" classname="info.documan.xlite.Test" name="testXmlSimple"/>
  <testcase time="0.001" classname="info.documan.xlite.Test" name="test"/>
  <testcase time="0.023" classname="info.documan.xlite.XliteTest" name="basicTest"/>
  <testcase time="0.037" classname="info.documan.xlite.namespaces.AttributeNsTest" name="test"/>
  <testcase time="0.038" classname="info.documan.xlite.namespaces.DefaultNsOverridingTest" name="test"/>
  <testcase time="0.032" classname="info.documan.xlite.namespaces.DifferentNsSamePrefixesTest" name="test"/>
  <testcase time="0.025" classname="info.documan.xlite.namespaces.DifferentPrefixesSameNsTest" name="test"/>
  <testcase time="0.029" classname="info.documan.xlite.namespaces.NamespaceScopeTest" name="test"/>
  <testcase time="0.045" classname="info.documan.xlite.namespaces.RootNsTest" name="test"/>
  <testcase time="0" classname="info.documan.xlite.AppTest" name="testApp"/>
</testsuite>